<?xml version="1.0" encoding="UTF-8"?>
<testsuite xmlns:xsi="http://www.w3.org/2001/XMLSchema-instance" xsi:noNamespaceSchemaLocation="https://maven.apache.org/surefire/maven-surefire-plugin/xsd/surefire-test-report-3.0.xsd" version="3.0" name="com.mealmatch.jdbc.dao.UserDAOTest" time="0.72" tests="4" errors="0" skipped="0" failures="0">
  <properties>
    <property name="gopherProxySet" value="false"/>
    <property name="awt.toolkit" value="sun.lwawt.macosx.LWCToolkit"/>
    <property name="file.encoding.pkg" value="sun.io"/>
    <property name="java.specification.version" value="1.8"/>
    <property name="sun.cpu.isalist" value=""/>
    <property name="sun.jnu.encoding" value="UTF-8"/>
    <property name="java.class.path" value="/Users/marcus_cs_pereira/Programacao/github/MealMatch/app/target/test-classes:/Users/marcus_cs_pereira/Programacao/github/MealMatch/app/target/classes:/Users/marcus_cs_pereira/.m2/repository/org/postgresql/postgresql/42.7.4/postgresql-42.7.4.jar:/Users/marcus_cs_pereira/.m2/repository/org/checkerframework/checker-qual/3.42.0/checker-qual-3.42.0.jar:/Users/marcus_cs_pereira/.m2/repository/io/github/cdimascio/java-dotenv/5.2.2/java-dotenv-5.2.2.jar:/Users/marcus_cs_pereira/.m2/repository/org/jetbrains/kotlin/kotlin-stdlib/1.4.0/kotlin-stdlib-1.4.0.jar:/Users/marcus_cs_pereira/.m2/repository/org/jetbrains/kotlin/kotlin-stdlib-common/1.4.0/kotlin-stdlib-common-1.4.0.jar:/Users/marcus_cs_pereira/.m2/repository/org/jetbrains/annotations/13.0/annotations-13.0.jar:/Users/marcus_cs_pereira/.m2/repository/org/apache/commons/commons-email/1.6.0/commons-email-1.6.0.jar:/Users/marcus_cs_pereira/.m2/repository/com/sun/mail/jakarta.mail/1.6.7/jakarta.mail-1.6.7.jar:/Users/marcus_cs_pereira/.m2/repository/com/sun/activation/jakarta.activation/1.2.1/jakarta.activation-1.2.1.jar:/Users/marcus_cs_pereira/.m2/repository/javax/mail/mail/1.5.0-b01/mail-1.5.0-b01.jar:/Users/marcus_cs_pereira/.m2/repository/javax/activation/activation/1.1/activation-1.1.jar:/Users/marcus_cs_pereira/.m2/repository/org/springframework/security/spring-security-crypto/5.8.5/spring-security-crypto-5.8.5.jar:/Users/marcus_cs_pereira/.m2/repository/commons-logging/commons-logging/1.2/commons-logging-1.2.jar:/Users/marcus_cs_pereira/.m2/repository/org/junit/jupiter/junit-jupiter/5.10.0/junit-jupiter-5.10.0.jar:/Users/marcus_cs_pereira/.m2/repository/org/junit/jupiter/junit-jupiter-api/5.10.0/junit-jupiter-api-5.10.0.jar:/Users/marcus_cs_pereira/.m2/repository/org/opentest4j/opentest4j/1.3.0/opentest4j-1.3.0.jar:/Users/marcus_cs_pereira/.m2/repository/org/junit/platform/junit-platform-commons/1.10.0/junit-platform-commons-1.10.0.jar:/Users/marcus_cs_pereira/.m2/repository/org/apiguardian/apiguardian-api/1.1.2/apiguardian-api-1.1.2.jar:/Users/marcus_cs_pereira/.m2/repository/org/junit/jupiter/junit-jupiter-params/5.10.0/junit-jupiter-params-5.10.0.jar:/Users/marcus_cs_pereira/.m2/repository/org/junit/jupiter/junit-jupiter-engine/5.10.0/junit-jupiter-engine-5.10.0.jar:/Users/marcus_cs_pereira/.m2/repository/org/junit/platform/junit-platform-engine/1.10.0/junit-platform-engine-1.10.0.jar:/Users/marcus_cs_pereira/.m2/repository/org/mockito/mockito-core/2.28.2/mockito-core-2.28.2.jar:/Users/marcus_cs_pereira/.m2/repository/net/bytebuddy/byte-buddy/1.9.10/byte-buddy-1.9.10.jar:/Users/marcus_cs_pereira/.m2/repository/net/bytebuddy/byte-buddy-agent/1.9.10/byte-buddy-agent-1.9.10.jar:/Users/marcus_cs_pereira/.m2/repository/org/objenesis/objenesis/2.6/objenesis-2.6.jar:"/>
    <property name="java.vm.vendor" value="Oracle Corporation"/>
    <property name="sun.arch.data.model" value="64"/>
    <property name="java.vendor.url" value="http://java.oracle.com/"/>
    <property name="user.timezone" value=""/>
    <property name="java.vm.specification.version" value="1.8"/>
    <property name="os.name" value="Mac OS X"/>
    <property name="user.country" value="BR"/>
    <property name="sun.java.launcher" value="SUN_STANDARD"/>
    <property name="sun.boot.library.path" value="/Library/Java/JavaVirtualMachines/jdk-1.8.jdk/Contents/Home/jre/lib"/>
    <property name="sun.java.command" value="/Users/marcus_cs_pereira/Programacao/github/MealMatch/app/target/surefire/surefirebooter-20241202161914604_3.jar /Users/marcus_cs_pereira/Programacao/github/MealMatch/app/target/surefire 2024-12-02T16-19-14_433-jvmRun1 surefire-20241202161914604_1tmp surefire_0-20241202161914604_2tmp"/>
    <property name="http.nonProxyHosts" value="local|*.local|169.254/16|*.169.254/16"/>
    <property name="surefire.test.class.path" value="/Users/marcus_cs_pereira/Programacao/github/MealMatch/app/target/test-classes:/Users/marcus_cs_pereira/Programacao/github/MealMatch/app/target/classes:/Users/marcus_cs_pereira/.m2/repository/org/postgresql/postgresql/42.7.4/postgresql-42.7.4.jar:/Users/marcus_cs_pereira/.m2/repository/org/checkerframework/checker-qual/3.42.0/checker-qual-3.42.0.jar:/Users/marcus_cs_pereira/.m2/repository/io/github/cdimascio/java-dotenv/5.2.2/java-dotenv-5.2.2.jar:/Users/marcus_cs_pereira/.m2/repository/org/jetbrains/kotlin/kotlin-stdlib/1.4.0/kotlin-stdlib-1.4.0.jar:/Users/marcus_cs_pereira/.m2/repository/org/jetbrains/kotlin/kotlin-stdlib-common/1.4.0/kotlin-stdlib-common-1.4.0.jar:/Users/marcus_cs_pereira/.m2/repository/org/jetbrains/annotations/13.0/annotations-13.0.jar:/Users/marcus_cs_pereira/.m2/repository/org/apache/commons/commons-email/1.6.0/commons-email-1.6.0.jar:/Users/marcus_cs_pereira/.m2/repository/com/sun/mail/jakarta.mail/1.6.7/jakarta.mail-1.6.7.jar:/Users/marcus_cs_pereira/.m2/repository/com/sun/activation/jakarta.activation/1.2.1/jakarta.activation-1.2.1.jar:/Users/marcus_cs_pereira/.m2/repository/javax/mail/mail/1.5.0-b01/mail-1.5.0-b01.jar:/Users/marcus_cs_pereira/.m2/repository/javax/activation/activation/1.1/activation-1.1.jar:/Users/marcus_cs_pereira/.m2/repository/org/springframework/security/spring-security-crypto/5.8.5/spring-security-crypto-5.8.5.jar:/Users/marcus_cs_pereira/.m2/repository/commons-logging/commons-logging/1.2/commons-logging-1.2.jar:/Users/marcus_cs_pereira/.m2/repository/org/junit/jupiter/junit-jupiter/5.10.0/junit-jupiter-5.10.0.jar:/Users/marcus_cs_pereira/.m2/repository/org/junit/jupiter/junit-jupiter-api/5.10.0/junit-jupiter-api-5.10.0.jar:/Users/marcus_cs_pereira/.m2/repository/org/opentest4j/opentest4j/1.3.0/opentest4j-1.3.0.jar:/Users/marcus_cs_pereira/.m2/repository/org/junit/platform/junit-platform-commons/1.10.0/junit-platform-commons-1.10.0.jar:/Users/marcus_cs_pereira/.m2/repository/org/apiguardian/apiguardian-api/1.1.2/apiguardian-api-1.1.2.jar:/Users/marcus_cs_pereira/.m2/repository/org/junit/jupiter/junit-jupiter-params/5.10.0/junit-jupiter-params-5.10.0.jar:/Users/marcus_cs_pereira/.m2/repository/org/junit/jupiter/junit-jupiter-engine/5.10.0/junit-jupiter-engine-5.10.0.jar:/Users/marcus_cs_pereira/.m2/repository/org/junit/platform/junit-platform-engine/1.10.0/junit-platform-engine-1.10.0.jar:/Users/marcus_cs_pereira/.m2/repository/org/mockito/mockito-core/2.28.2/mockito-core-2.28.2.jar:/Users/marcus_cs_pereira/.m2/repository/net/bytebuddy/byte-buddy/1.9.10/byte-buddy-1.9.10.jar:/Users/marcus_cs_pereira/.m2/repository/net/bytebuddy/byte-buddy-agent/1.9.10/byte-buddy-agent-1.9.10.jar:/Users/marcus_cs_pereira/.m2/repository/org/objenesis/objenesis/2.6/objenesis-2.6.jar:"/>
    <property name="sun.cpu.endian" value="little"/>
    <property name="user.home" value="/Users/marcus_cs_pereira"/>
    <property name="user.language" value="pt"/>
    <property name="java.specification.vendor" value="Oracle Corporation"/>
    <property name="java.home" value="/Library/Java/JavaVirtualMachines/jdk-1.8.jdk/Contents/Home/jre"/>
    <property name="basedir" value="/Users/marcus_cs_pereira/Programacao/github/MealMatch/app"/>
    <property name="file.separator" value="/"/>
    <property name="line.separator" value="&#10;"/>
    <property name="java.vm.specification.vendor" value="Oracle Corporation"/>
    <property name="java.specification.name" value="Java Platform API Specification"/>
    <property name="java.awt.graphicsenv" value="sun.awt.CGraphicsEnvironment"/>
    <property name="surefire.real.class.path" value="/Users/marcus_cs_pereira/Programacao/github/MealMatch/app/target/surefire/surefirebooter-20241202161914604_3.jar"/>
    <property name="sun.boot.class.path" value="/Library/Java/JavaVirtualMachines/jdk-1.8.jdk/Contents/Home/jre/lib/resources.jar:/Library/Java/JavaVirtualMachines/jdk-1.8.jdk/Contents/Home/jre/lib/rt.jar:/Library/Java/JavaVirtualMachines/jdk-1.8.jdk/Contents/Home/jre/lib/jsse.jar:/Library/Java/JavaVirtualMachines/jdk-1.8.jdk/Contents/Home/jre/lib/jce.jar:/Library/Java/JavaVirtualMachines/jdk-1.8.jdk/Contents/Home/jre/lib/charsets.jar:/Library/Java/JavaVirtualMachines/jdk-1.8.jdk/Contents/Home/jre/lib/jfr.jar:/Library/Java/JavaVirtualMachines/jdk-1.8.jdk/Contents/Home/jre/classes"/>
    <property name="sun.management.compiler" value="HotSpot 64-Bit Tiered Compilers"/>
    <property name="ftp.nonProxyHosts" value="local|*.local|169.254/16|*.169.254/16"/>
    <property name="java.runtime.version" value="1.8.0_401-b10"/>
    <property name="user.name" value="marcus_cs_pereira"/>
    <property name="path.separator" value=":"/>
    <property name="os.version" value="15.1.1"/>
    <property name="java.endorsed.dirs" value="/Library/Java/JavaVirtualMachines/jdk-1.8.jdk/Contents/Home/jre/lib/endorsed"/>
    <property name="java.runtime.name" value="Java(TM) SE Runtime Environment"/>
    <property name="file.encoding" value="UTF-8"/>
    <property name="java.vm.name" value="Java HotSpot(TM) 64-Bit Server VM"/>
    <property name="localRepository" value="/Users/marcus_cs_pereira/.m2/repository"/>
    <property name="java.vendor.url.bug" value="http://bugreport.sun.com/bugreport/"/>
    <property name="java.io.tmpdir" value="/var/folders/ys/42slpwgs67v9q7mcnvdxwvqw0000gn/T/"/>
    <property name="java.version" value="1.8.0_401"/>
    <property name="user.dir" value="/Users/marcus_cs_pereira/Programacao/github/MealMatch/app"/>
    <property name="os.arch" value="aarch64"/>
    <property name="java.vm.specification.name" value="Java Virtual Machine Specification"/>
    <property name="java.awt.printerjob" value="sun.lwawt.macosx.CPrinterJob"/>
    <property name="sun.os.patch.level" value="unknown"/>
    <property name="java.library.path" value="/Users/marcus_cs_pereira/Library/Java/Extensions:/Library/Java/Extensions:/Network/Library/Java/Extensions:/System/Library/Java/Extensions:/usr/lib/java:."/>
    <property name="java.vm.info" value="mixed mode"/>
    <property name="java.vendor" value="Oracle Corporation"/>
    <property name="java.vm.version" value="25.401-b10"/>
    <property name="java.specification.maintenance.version" value="5"/>
    <property name="java.ext.dirs" value="/Users/marcus_cs_pereira/Library/Java/Extensions:/Library/Java/JavaVirtualMachines/jdk-1.8.jdk/Contents/Home/jre/lib/ext:/Library/Java/Extensions:/Network/Library/Java/Extensions:/System/Library/Java/Extensions:/usr/lib/java"/>
    <property name="sun.io.unicode.encoding" value="UnicodeBig"/>
    <property name="java.class.version" value="52.0"/>
    <property name="socksNonProxyHosts" value="local|*.local|169.254/16|*.169.254/16"/>
  </properties>
  <testcase name="testValidarLoginComSucesso" classname="com.mealmatch.jdbc.dao.UserDAOTest" time="0.54"/>
  <testcase name="testValidarLoginUsuarioNaoExistente" classname="com.mealmatch.jdbc.dao.UserDAOTest" time="0.001"/>
  <testcase name="testValidarLoginSenhaIncorreta" classname="com.mealmatch.jdbc.dao.UserDAOTest" time="0.17"/>
  <testcase name="testGetUserIdByUsername" classname="com.mealmatch.jdbc.dao.UserDAOTest" time="0.002"/>
</testsuite>